<?xml version="1.0" encoding="UTF-8" standalone="no"?>
<testsuite failures="1" name="cucumber.runtime.formatter.JUnitFormatter" skipped="0" tests="2" time="66.25977">
    <testcase classname="Automation Testing Scripts" name="Verify Add New Region" time="33.860979">
        <failure message="junit.framework.AssertionFailedError&#13;&#10;&#9;at junit.framework.Assert.fail(Assert.java:55)&#13;&#10;&#9;at junit.framework.Assert.fail(Assert.java:64)&#13;&#10;&#9;at StepDefination.Signupdefination.admin_will_see_the_new_added_region_name_in_displayed_result_in_Region_page(Signupdefination.java:193)&#13;&#10;&#9;at ✽.Admin will see the new added region name&quot;Codingface@1234&quot; in displayed result in Region page.(file:src/test/java/Feature/abc.feature:18)&#13;&#10;"><![CDATA[Given Admin is on the login page of Real Estate.............................passed
When Admin enters Username and Password.....................................passed
And Click on login button...................................................passed
Given Admin is on Dashboard page............................................passed
When Admin clicks on properties.............................................passed
Then Admin will navigate to Region page in Real Estate......................passed
Given Admin is on Regions Page in Real Estate...............................passed
When Admin enters Name "Codingface@1234",Slug "Test1" and Description "This is Test1" and selects parent region.passed
And clicks on add new Region button.........................................passed
And Admin enters Name "Codingface@1234" in search region text in displayed result in Region page.passed
And clicks on search button on displayed result in Region page..............passed
Then Admin will see the new added region name"Codingface@1234" in displayed result in Region page..failed

StackTrace:
junit.framework.AssertionFailedError
	at junit.framework.Assert.fail(Assert.java:55)
	at junit.framework.Assert.fail(Assert.java:64)
	at StepDefination.Signupdefination.admin_will_see_the_new_added_region_name_in_displayed_result_in_Region_page(Signupdefination.java:193)
	at ✽.Admin will see the new added region name"Codingface@1234" in displayed result in Region page.(file:src/test/java/Feature/abc.feature:18)
]]></failure>
    </testcase>
    <testcase classname="Automation Testing Scripts" name="Verify Add New Region 2" time="32.398791">
        <system-out><![CDATA[Given Admin is on the login page of Real Estate.............................passed
When Admin enters Username and Password.....................................passed
And Click on login button...................................................passed
Given Admin is on Dashboard page............................................passed
When Admin clicks on properties.............................................passed
Then Admin will navigate to Region page in Real Estate......................passed
Given Admin is on Regions Page in Real Estate...............................passed
When Admin enters Name "Mumbai",Slug "Mumbai" and Description "This is Created Region" and selects parent region.passed
And clicks on add new Region button.........................................passed
And Admin enters Name "Mumbai" in search region text in displayed result in Region page.passed
And clicks on search button on displayed result in Region page..............passed
Then Admin will see the new added region name"Mumbai" in displayed result in Region page..passed
]]></system-out>
    </testcase>
</testsuite>
